<html>
<body>
<pre>
<h1>µVision Build Log</h1>
<h2>Tool Versions:</h2>
IDE-Version: ¦ÌVision V5.23.0.0
Copyright (C) 2017 ARM Ltd and ARM Germany GmbH. All rights reserved.
License Information: YF L, TTT, LIC=X96CK-ZHHWH-TGE7T-RUAJ2-LE2BW-H2H2Z
 
Tool Versions:
Toolchain:       MDK-ARM Plus  Version: 5.23
Toolchain Path:  F:\software\Keil_v5\ARM\ARMCC\Bin
C Compiler:      Armcc.exe V5.06 update 4 (build 422)
Assembler:       Armasm.exe V5.06 update 4 (build 422)
Linker/Locator:  ArmLink.exe V5.06 update 4 (build 422)
Library Manager: ArmAr.exe V5.06 update 4 (build 422)
Hex Converter:   FromElf.exe V5.06 update 4 (build 422)
CPU DLL:         SARMCM3.DLL V5.23
Dialog DLL:      DCM.DLL V1.15.0.0
Target DLL:      CMSIS_AGDI.dll V1.27.5.0
Dialog DLL:      TCM.DLL V1.27.0.0
 
<h2>Project:</h2>
D:\fundamental\2024AssessmentCompetition\2024AssessmentCompetition\MDK-ARM\2024AssessmentCompetition.uvprojx
Project File Date:  09/26/2023

<h2>Output:</h2>
*** Using Compiler 'V5.06 update 4 (build 422)', folder: 'F:\software\Keil_v5\ARM\ARMCC\Bin'
Build target '2024AssessmentCompetition'
compiling GimbalTask.c...
..\Applications\GimbalTask.h(6): error:  #20: identifier "gimbal_motor_t" is undefined
  extern const gimbal_motor_t *get_yaw_motor_point(void);
..\Applications\GimbalTask.c(16): error:  #20: identifier "gimbal_motor_t" is undefined
  const gimbal_motor_t *get_yaw_motor_point(void)
..\Applications\GimbalTask.c(18): error:  #20: identifier "gimbal_control" is undefined
      return &gimbal_control.gimbal_yaw_motor;
..\Applications\GimbalTask.c: 0 warnings, 3 errors
compiling ServoTask.c...
compiling ChassisTask.c...
..\Applications\ChassisTask.h(33): error:  #20: identifier "gimbal_motor_t" is undefined
      const gimbal_motor_t *chassis_yaw_motor; 
..\Applications\ChassisTask.c(60): warning:  #223-D: function "get_yaw_gimbal_motor_measure_point" declared implicitly
  	chassis_move_data->chassis_yaw_motor = get_yaw_gimbal_motor_measure_point();
..\Applications\ChassisTask.c(60): error:  #513: a value of type "int" cannot be assigned to an entity of type "const <error-type> *"
  	chassis_move_data->chassis_yaw_motor = get_yaw_gimbal_motor_measure_point();
..\Applications\ChassisTask.c(217): warning:  #174-D: expression has no effect
  		chassis_move_data->chassis_relative_angle_set;
..\Applications\ChassisTask.c: 2 warnings, 2 errors
compiling CAN_Receive.c...
"2024AssessmentCompetition\2024AssessmentCompetition.axf" - 5 Error(s), 2 Warning(s).

<h2>Software Packages used:</h2>

Package Vendor: ARM
                http://www.keil.com/pack/ARM.CMSIS.5.0.1.pack
                ARM::CMSIS:CORE:5.0.1
                CMSIS (Cortex Microcontroller Software Interface Standard)
   * Component: CORE Version: 5.0.1

<h2>Collection of Component include folders:</h2>
  .\RTE\_2024AssessmentCompetition
  F:\software\Keil_v5\ARM\PACK\ARM\CMSIS\5.0.1\CMSIS\Include
  F:\software\Keil_v5\ARM\PACK\Keil\STM32F4xx_DFP\2.13.0\Drivers\CMSIS\Device\ST\STM32F4xx\Include

<h2>Collection of Component Files used:</h2>

   * Component: ARM::CMSIS:CORE:5.0.1
Target not created.
Build Time Elapsed:  00:00:02
</pre>
</body>
</html>
